# JRE version: OpenJDK Runtime Environment (8.0_152-b01) (build 1.8.0_152-release-915-b01)
# Java VM: OpenJDK 64-Bit Server VM (25.152-b01 mixed mode linux-amd64 compressed oops)
Heap:
 PSYoungGen      total 254464K, used 46166K [0x00000000e0000000, 0x00000000f2b80000, 0x0000000100000000)
  eden space 202240K, 0% used [0x00000000e0000000,0x00000000e0000000,0x00000000ec580000)
  from space 52224K, 88% used [0x00000000ef880000,0x00000000f2595b08,0x00000000f2b80000)
  to   space 37888K, 0% used [0x00000000ecc80000,0x00000000ecc80000,0x00000000ef180000)
 ParOldGen       total 130560K, used 77203K [0x00000000a0000000, 0x00000000a7f80000, 0x00000000e0000000)
  object space 130560K, 59% used [0x00000000a0000000,0x00000000a4b64db0,0x00000000a7f80000)
 Metaspace       used 80357K, capacity 84348K, committed 84568K, reserved 1122304K
  class space    used 10421K, capacity 11390K, committed 11392K, reserved 1048576K
GC Heap History (10 events):
Event: 17.227 GC heap after
Heap after GC invocations=12 (full 3):
 PSYoungGen      total 207872K, used 0K [0x00000000e0000000, 0x00000000f1b80000, 0x0000000100000000)
  eden space 186880K, 0% used [0x00000000e0000000,0x00000000e0000000,0x00000000eb680000)
  from space 20992K, 0% used [0x00000000eb680000,0x00000000eb680000,0x00000000ecb00000)
  to   space 27136K, 0% used [0x00000000f0100000,0x00000000f0100000,0x00000000f1b80000)
 ParOldGen       total 130560K, used 41108K [0x00000000a0000000, 0x00000000a7f80000, 0x00000000e0000000)
  object space 130560K, 31% used [0x00000000a0000000,0x00000000a28253b8,0x00000000a7f80000)
 Metaspace       used 57052K, capacity 58914K, committed 59028K, reserved 1099776K
  class space    used 7711K, capacity 8170K, committed 8192K, reserved 1048576K
}
Event: 24.582 GC heap before
{Heap before GC invocations=13 (full 3):
 PSYoungGen      total 207872K, used 186880K [0x00000000e0000000, 0x00000000f1b80000, 0x0000000100000000)
  eden space 186880K, 100% used [0x00000000e0000000,0x00000000eb680000,0x00000000eb680000)
  from space 20992K, 0% used [0x00000000eb680000,0x00000000eb680000,0x00000000ecb00000)
  to   space 27136K, 0% used [0x00000000f0100000,0x00000000f0100000,0x00000000f1b80000)
 ParOldGen       total 130560K, used 41108K [0x00000000a0000000, 0x00000000a7f80000, 0x00000000e0000000)
  object space 130560K, 31% used [0x00000000a0000000,0x00000000a28253b8,0x00000000a7f80000)
 Metaspace       used 68402K, capacity 70824K, committed 71000K, reserved 1110016K
  class space    used 9039K, capacity 9593K, committed 9600K, reserved 1048576K
Event: 24.635 GC heap after
Heap after GC invocations=13 (full 3):
 PSYoungGen      total 245248K, used 19962K [0x00000000e0000000, 0x00000000f1480000, 0x0000000100000000)
  eden space 225280K, 0% used [0x00000000e0000000,0x00000000e0000000,0x00000000edc00000)
  from space 19968K, 99% used [0x00000000f0100000,0x00000000f147eb68,0x00000000f1480000)
  to   space 28672K, 0% used [0x00000000edc80000,0x00000000edc80000,0x00000000ef880000)
 ParOldGen       total 130560K, used 41116K [0x00000000a0000000, 0x00000000a7f80000, 0x00000000e0000000)
  object space 130560K, 31% used [0x00000000a0000000,0x00000000a28273b8,0x00000000a7f80000)
 Metaspace       used 68402K, capacity 70824K, committed 71000K, reserved 1110016K
  class space    used 9039K, capacity 9593K, committed 9600K, reserved 1048576K
}
Event: 4275.081 GC heap before
{Heap before GC invocations=14 (full 3):
 PSYoungGen      total 245248K, used 245242K [0x00000000e0000000, 0x00000000f1480000, 0x0000000100000000)
  eden space 225280K, 100% used [0x00000000e0000000,0x00000000edc00000,0x00000000edc00000)
  from space 19968K, 99% used [0x00000000f0100000,0x00000000f147eb68,0x00000000f1480000)
  to   space 28672K, 0% used [0x00000000edc80000,0x00000000edc80000,0x00000000ef880000)
 ParOldGen       total 130560K, used 41116K [0x00000000a0000000, 0x00000000a7f80000, 0x00000000e0000000)
  object space 130560K, 31% used [0x00000000a0000000,0x00000000a28273b8,0x00000000a7f80000)
 Metaspace       used 74383K, capacity 77558K, committed 77784K, reserved 1116160K
  class space    used 9715K, capacity 10440K, committed 10496K, reserved 1048576K
Event: 4275.182 GC heap after
Heap after GC invocations=14 (full 3):
 PSYoungGen      total 241152K, used 23654K [0x00000000e0000000, 0x00000000f1100000, 0x0000000100000000)
  eden space 217088K, 0% used [0x00000000e0000000,0x00000000e0000000,0x00000000ed400000)
  from space 24064K, 98% used [0x00000000edc80000,0x00000000ef399b90,0x00000000ef400000)
  to   space 29696K, 0% used [0x00000000ef400000,0x00000000ef400000,0x00000000f1100000)
 ParOldGen       total 130560K, used 41124K [0x00000000a0000000, 0x00000000a7f80000, 0x00000000e0000000)
  object space 130560K, 31% used [0x00000000a0000000,0x00000000a28293b8,0x00000000a7f80000)
 Metaspace       used 74383K, capacity 77558K, committed 77784K, reserved 1116160K
  class space    used 9715K, capacity 10440K, committed 10496K, reserved 1048576K
}
Event: 4290.376 GC heap before
{Heap before GC invocations=15 (full 3):
 PSYoungGen      total 241152K, used 240742K [0x00000000e0000000, 0x00000000f1100000, 0x0000000100000000)
  eden space 217088K, 100% used [0x00000000e0000000,0x00000000ed400000,0x00000000ed400000)
  from space 24064K, 98% used [0x00000000edc80000,0x00000000ef399b90,0x00000000ef400000)
  to   space 29696K, 0% used [0x00000000ef400000,0x00000000ef400000,0x00000000f1100000)
 ParOldGen       total 130560K, used 41124K [0x00000000a0000000, 0x00000000a7f80000, 0x00000000e0000000)
  object space 130560K, 31% used [0x00000000a0000000,0x00000000a28293b8,0x00000000a7f80000)
 Metaspace       used 76943K, capacity 80860K, committed 80984K, reserved 1120256K
  class space    used 10091K, capacity 11068K, committed 11136K, reserved 1048576K
Event: 4290.476 GC heap after
Heap after GC invocations=15 (full 3):
 PSYoungGen      total 239104K, used 29695K [0x00000000e0000000, 0x00000000f1680000, 0x0000000100000000)
  eden space 209408K, 0% used [0x00000000e0000000,0x00000000e0000000,0x00000000ecc80000)
  from space 29696K, 99% used [0x00000000ef400000,0x00000000f10ffc80,0x00000000f1100000)
  to   space 37888K, 0% used [0x00000000ecc80000,0x00000000ecc80000,0x00000000ef180000)
 ParOldGen       total 130560K, used 48650K [0x00000000a0000000, 0x00000000a7f80000, 0x00000000e0000000)
  object space 130560K, 37% used [0x00000000a0000000,0x00000000a2f82bc8,0x00000000a7f80000)
 Metaspace       used 76943K, capacity 80860K, committed 80984K, reserved 1120256K
  class space    used 10091K, capacity 11068K, committed 11136K, reserved 1048576K
}
Event: 4322.761 GC heap before
{Heap before GC invocations=16 (full 3):
 PSYoungGen      total 239104K, used 239103K [0x00000000e0000000, 0x00000000f1680000, 0x0000000100000000)
  eden space 209408K, 100% used [0x00000000e0000000,0x00000000ecc80000,0x00000000ecc80000)
  from space 29696K, 99% used [0x00000000ef400000,0x00000000f10ffc80,0x00000000f1100000)
  to   space 37888K, 0% used [0x00000000ecc80000,0x00000000ecc80000,0x00000000ef180000)
 ParOldGen       total 130560K, used 48650K [0x00000000a0000000, 0x00000000a7f80000, 0x00000000e0000000)
  object space 130560K, 37% used [0x00000000a0000000,0x00000000a2f82bc8,0x00000000a7f80000)
 Metaspace       used 78369K, capacity 82306K, committed 82648K, reserved 1120256K
  class space    used 10229K, capacity 11161K, committed 11264K, reserved 1048576K
Event: 4322.907 GC heap after
Heap after GC invocations=16 (full 3):
 PSYoungGen      total 240128K, used 37874K [0x00000000e0000000, 0x00000000f2b80000, 0x0000000100000000)
  eden space 202240K, 0% used [0x00000000e0000000,0x00000000e0000000,0x00000000ec580000)
  from space 37888K, 99% used [0x00000000ecc80000,0x00000000ef17c8b0,0x00000000ef180000)
  to   space 52224K, 0% used [0x00000000ef880000,0x00000000ef880000,0x00000000f2b80000)
 ParOldGen       total 130560K, used 70831K [0x00000000a0000000, 0x00000000a7f80000, 0x00000000e0000000)
  object space 130560K, 54% used [0x00000000a0000000,0x00000000a452bd28,0x00000000a7f80000)
 Metaspace       used 78369K, capacity 82306K, committed 82648K, reserved 1120256K
  class space    used 10229K, capacity 11161K, committed 11264K, reserved 1048576K
}
Event: 4329.916 GC heap before
{Heap before GC invocations=17 (full 3):
 PSYoungGen      total 240128K, used 239878K [0x00000000e0000000, 0x00000000f2b80000, 0x0000000100000000)
  eden space 202240K, 99% used [0x00000000e0000000,0x00000000ec544f70,0x00000000ec580000)
  from space 37888K, 99% used [0x00000000ecc80000,0x00000000ef17c8b0,0x00000000ef180000)
  to   space 52224K, 0% used [0x00000000ef880000,0x00000000ef880000,0x00000000f2b80000)
 ParOldGen       total 130560K, used 70831K [0x00000000a0000000, 0x00000000a7f80000, 0x00000000e0000000)
  object space 130560K, 54% used [0x00000000a0000000,0x00000000a452bd28,0x00000000a7f80000)
 Metaspace       used 80357K, capacity 84348K, committed 84568K, reserved 1122304K
  class space    used 10421K, capacity 11390K, committed 11392K, reserved 1048576K

